<?xml version="1.0" encoding="UTF-8"?>
<testsuite name="ReplaceVowelsTest" tests="2" skipped="0" failures="0" errors="0" timestamp="2016-04-22T15:45:51" hostname="DESKTOP-NEF4TT2" time="0.038">
  <properties/>
  <testcase name="ReplaceVowels_ReturnString_true" classname="ReplaceVowelsTest" time="0.024"/>
  <testcase name="ReplaceVowels_ReplaceAWithDash_true" classname="ReplaceVowelsTest" time="0.001"/>
  <system-out><![CDATA[]]></system-out>
  <system-err><![CDATA[]]></system-err>
</testsuite>
