<?xml version="1.0" encoding="UTF-8"?>
<testsuite name="ReplaceVowelsTest" tests="3" skipped="0" failures="0" errors="0" timestamp="2016-04-22T16:17:06" hostname="DESKTOP-NEF4TT2" time="0.061">
  <properties/>
  <testcase name="ReplaceVowels_ReplaceVowelsWithDashes_true" classname="ReplaceVowelsTest" time="0.026"/>
  <testcase name="ReplaceVowels_ReturnString_true" classname="ReplaceVowelsTest" time="0.018"/>
  <testcase name="ReplaceVowels_ReplaceAWithDash_true" classname="ReplaceVowelsTest" time="0.002"/>
  <system-out><![CDATA[-pple
a
0
-ppl-
e
1
h-llo
e
1
h-ll-
o
3
-pp
a
0
]]></system-out>
  <system-err><![CDATA[]]></system-err>
</testsuite>
